::1 - GET /reg HTTP/1.1 200 664 - 599.506 ms
::1 - GET /stylesheets/style.css HTTP/1.1 304 - - 5.812 ms
::1 - GET /favicon.ico HTTP/1.1 200 1531 - 2.784 ms
::1 - GET / HTTP/1.1 - - - - ms
::1 - GET /login HTTP/1.1 304 - - 61.203 ms
::1 - GET /stylesheets/style.css HTTP/1.1 304 - - 3.873 ms
::1 - GET /login HTTP/1.1 304 - - 50.231 ms
::1 - GET /stylesheets/style.css HTTP/1.1 304 - - 3.200 ms
::1 - GET /reg HTTP/1.1 200 688 - 47.908 ms
::1 - GET /stylesheets/style.css HTTP/1.1 304 - - 2.686 ms
::1 - GET /reg HTTP/1.1 200 664 - 502.747 ms
::1 - GET /stylesheets/style.css HTTP/1.1 304 - - 5.881 ms
::1 - GET /favicon.ico HTTP/1.1 200 1531 - 2.476 ms
::1 - GET / HTTP/1.1 200 507 - 1173.285 ms
::1 - GET /stylesheets/style.css HTTP/1.1 304 - - 2.147 ms
::1 - GET /login HTTP/1.1 304 - - 52.270 ms
::1 - GET /stylesheets/style.css HTTP/1.1 304 - - 0.881 ms
::1 - GET /reg HTTP/1.1 200 688 - 43.031 ms
::1 - GET /stylesheets/style.css HTTP/1.1 304 - - 2.680 ms
::1 - GET / HTTP/1.1 304 - - 1149.371 ms
::1 - GET /stylesheets/style.css HTTP/1.1 304 - - 1.631 ms
::1 - GET /login HTTP/1.1 304 - - 31.805 ms
::1 - GET /stylesheets/style.css HTTP/1.1 304 - - 4.434 ms
::1 - POST /login HTTP/1.1 302 56 - 1127.075 ms
::1 - GET /login HTTP/1.1 200 568 - 35.351 ms
::1 - GET /stylesheets/style.css HTTP/1.1 304 - - 5.931 ms
