[0mGET / [32m200 [0m1544.261 ms - 1781[0m
[0mGET /stylesheets/style.css [32m200 [0m132.945 ms - 859[0m
[0mGET /favicon.ico [32m200 [0m28.931 ms - 1531[0m
[0mGET / [32m200 [0m3127.355 ms - 483[0m
[0mGET /stylesheets/style.css [32m200 [0m80.602 ms - 859[0m
[0mGET /favicon.ico [32m200 [0m1.970 ms - 1531[0m
[0mGET / [32m200 [0m1172.140 ms - 507[0m
[0mGET /stylesheets/style.css [36m304 [0m3.613 ms - -[0m
[0mGET /login [32m200 [0m63.471 ms - 552[0m
[0mGET /stylesheets/style.css [36m304 [0m1.604 ms - -[0m
[0mGET /reg [32m200 [0m38.658 ms - 688[0m
[0mGET /stylesheets/style.css [36m304 [0m3.176 ms - -[0m
[0mGET /reg [32m200 [0m599.506 ms - 664[0m
[0mGET /stylesheets/style.css [36m304 [0m5.812 ms - -[0m
[0mGET /favicon.ico [32m200 [0m2.784 ms - 1531[0m
[0mGET / [0m- [0m- ms - -[0m
[0mGET /login [36m304 [0m61.203 ms - -[0m
[0mGET /stylesheets/style.css [36m304 [0m3.873 ms - -[0m
[0mGET /login [36m304 [0m50.231 ms - -[0m
[0mGET /stylesheets/style.css [36m304 [0m3.200 ms - -[0m
[0mGET /reg [32m200 [0m47.908 ms - 688[0m
[0mGET /stylesheets/style.css [36m304 [0m2.686 ms - -[0m
[0mGET /reg [32m200 [0m502.747 ms - 664[0m
[0mGET /stylesheets/style.css [36m304 [0m5.881 ms - -[0m
[0mGET /favicon.ico [32m200 [0m2.476 ms - 1531[0m
[0mGET / [32m200 [0m1173.285 ms - 507[0m
[0mGET /stylesheets/style.css [36m304 [0m2.147 ms - -[0m
[0mGET /login [36m304 [0m52.270 ms - -[0m
[0mGET /stylesheets/style.css [36m304 [0m0.881 ms - -[0m
[0mGET /reg [32m200 [0m43.031 ms - 688[0m
[0mGET /stylesheets/style.css [36m304 [0m2.680 ms - -[0m
[0mGET / [36m304 [0m1149.371 ms - -[0m
[0mGET /stylesheets/style.css [36m304 [0m1.631 ms - -[0m
[0mGET /login [36m304 [0m31.805 ms - -[0m
[0mGET /stylesheets/style.css [36m304 [0m4.434 ms - -[0m
[0mPOST /login [36m302 [0m1127.075 ms - 56[0m
[0mGET /login [32m200 [0m35.351 ms - 568[0m
[0mGET /stylesheets/style.css [36m304 [0m5.931 ms - -[0m
