::1 - - [22/Jan/2017:07:32:15 +0000] "GET /reg HTTP/1.1" 200 664
::1 - - [22/Jan/2017:07:32:15 +0000] "GET /stylesheets/style.css HTTP/1.1" 304 -
::1 - - [22/Jan/2017:07:32:15 +0000] "GET /favicon.ico HTTP/1.1" 200 1531
::1 - - [22/Jan/2017:07:32:17 +0000] "GET / HTTP/1.1" - -
::1 - - [22/Jan/2017:07:32:17 +0000] "GET /login HTTP/1.1" 304 -
::1 - - [22/Jan/2017:07:32:17 +0000] "GET /stylesheets/style.css HTTP/1.1" 304 -
::1 - - [22/Jan/2017:07:32:17 +0000] "GET /login HTTP/1.1" 304 -
::1 - - [22/Jan/2017:07:32:17 +0000] "GET /stylesheets/style.css HTTP/1.1" 304 -
::1 - - [22/Jan/2017:07:32:18 +0000] "GET /reg HTTP/1.1" 200 688
::1 - - [22/Jan/2017:07:32:18 +0000] "GET /stylesheets/style.css HTTP/1.1" 304 -
::1 - - [22/Jan/2017:07:32:47 +0000] "GET /reg HTTP/1.1" 200 664
::1 - - [22/Jan/2017:07:32:47 +0000] "GET /stylesheets/style.css HTTP/1.1" 304 -
::1 - - [22/Jan/2017:07:32:47 +0000] "GET /favicon.ico HTTP/1.1" 200 1531
::1 - - [22/Jan/2017:07:32:50 +0000] "GET / HTTP/1.1" 200 507
::1 - - [22/Jan/2017:07:32:50 +0000] "GET /stylesheets/style.css HTTP/1.1" 304 -
::1 - - [22/Jan/2017:07:32:51 +0000] "GET /login HTTP/1.1" 304 -
::1 - - [22/Jan/2017:07:32:51 +0000] "GET /stylesheets/style.css HTTP/1.1" 304 -
::1 - - [22/Jan/2017:07:32:51 +0000] "GET /reg HTTP/1.1" 200 688
::1 - - [22/Jan/2017:07:32:51 +0000] "GET /stylesheets/style.css HTTP/1.1" 304 -
::1 - - [22/Jan/2017:07:32:55 +0000] "GET / HTTP/1.1" 304 -
::1 - - [22/Jan/2017:07:32:55 +0000] "GET /stylesheets/style.css HTTP/1.1" 304 -
::1 - - [22/Jan/2017:07:32:56 +0000] "GET /login HTTP/1.1" 304 -
::1 - - [22/Jan/2017:07:32:56 +0000] "GET /stylesheets/style.css HTTP/1.1" 304 -
::1 - - [22/Jan/2017:07:33:04 +0000] "POST /login HTTP/1.1" 302 56
::1 - - [22/Jan/2017:07:33:04 +0000] "GET /login HTTP/1.1" 200 568
::1 - - [22/Jan/2017:07:33:04 +0000] "GET /stylesheets/style.css HTTP/1.1" 304 -
